<?xml version="1.0" encoding="UTF-8"?>
<testsuite xmlns:xsi="http://www.w3.org/2001/XMLSchema-instance" xsi:noNamespaceSchemaLocation="https://maven.apache.org/surefire/maven-surefire-plugin/xsd/surefire-test-report-3.0.xsd" version="3.0" name="com.mycompany.mavenproject1.CaculatorTest" time="0.069" tests="5" errors="0" skipped="0" failures="0">
  <properties>
[...]
</properties>
  <testcase name="testDivideByZero" classname="com.mycompany.mavenproject1.CaculatorTest" time="0.031"/>
  <testcase name="testAdd" classname="com.mycompany.mavenproject1.CaculatorTest" time="0.001"/>
  <testcase name="testSubtract" classname="com.mycompany.mavenproject1.CaculatorTest" time="0.006"/>
  <testcase name="testDivide" classname="com.mycompany.mavenproject1.CaculatorTest" time="0.003"/>
  <testcase name="testMultiply" classname="com.mycompany.mavenproject1.CaculatorTest" time="0.001"/>
</testsuite>